<?xml version="1.0" encoding="UTF-8"?>
<!-- Generated by org.testng.reporters.JUnitXMLReporter -->
<testsuite hostname="akirnik" ignored="0" name="Surefire test" tests="4" failures="3" timestamp="2022-05-17T12:32:12 MSK" time="35.157" errors="0">
  <testcase name="Case2" time="0.026" classname="tests.AddProductToСartTest">
    <failure type="java.lang.IllegalStateException" message="No webdriver is bound to current thread: 31. You need to call open(url) first.">
      <![CDATA[java.lang.IllegalStateException: No webdriver is bound to current thread: 31. You need to call open(url) first.
at com.codeborne.selenide.impl.WebDriverThreadLocalContainer.getWebDriver(WebDriverThreadLocalContainer.java:121)
at com.codeborne.selenide.WebDriverRunner.getWebDriver(WebDriverRunner.java:87)
at com.codeborne.selenide.impl.StaticDriver.getWebDriver(StaticDriver.java:51)
at com.codeborne.selenide.impl.BySelectorCollection.getElement(BySelectorCollection.java:49)
at com.codeborne.selenide.impl.CollectionElement.getWebElement(CollectionElement.java:46)
at com.codeborne.selenide.commands.ToWebElement.execute(ToWebElement.java:19)
at com.codeborne.selenide.commands.ToWebElement.execute(ToWebElement.java:13)
at com.codeborne.selenide.commands.Commands.execute(Commands.java:155)
at com.codeborne.selenide.impl.SelenideElementProxy.invoke(SelenideElementProxy.java:75)
at com.sun.proxy.$Proxy5.toWebElement(Unknown Source)
at com.codeborne.selenide.impl.ElementFinder.getSearchContext(ElementFinder.java:121)
at com.codeborne.selenide.impl.ElementFinder.getWebElement(ElementFinder.java:104)
at com.codeborne.selenide.impl.WebElementSource.checkCondition(WebElementSource.java:99)
at com.codeborne.selenide.impl.WebElementSource.findAndAssertElementIsInteractable(WebElementSource.java:139)
at com.codeborne.selenide.commands.Click.execute(Click.java:24)
at com.codeborne.selenide.commands.Click.execute(Click.java:16)
at com.codeborne.selenide.commands.Commands.execute(Commands.java:155)
at com.codeborne.selenide.impl.SelenideElementProxy.dispatchAndRetry(SelenideElementProxy.java:133)
at com.codeborne.selenide.impl.SelenideElementProxy.invoke(SelenideElementProxy.java:85)
at com.sun.proxy.$Proxy5.click(Unknown Source)
at pages.ProductsPage.addProduct(ProductsPage.java:16)
at steps.Steps.clickBtnAddProduct(Steps.java:38)
at tests.AddProductToСartTest.Case2(AddProductToСartTest.java:24)
at java.util.concurrent.ThreadPoolExecutor.runWorker(ThreadPoolExecutor.java:1149)
at java.util.concurrent.ThreadPoolExecutor$Worker.run(ThreadPoolExecutor.java:624)
at java.lang.Thread.run(Thread.java:748)
... Removed 12 stack frames]]>
    </failure>
  </testcase> <!-- Case2 -->
  <testcase name="Case1" time="6.253" classname="tests.AuthorizationTest"/>
  <testcase name="Case4" time="0.002" classname="tests.DeleteProductToСartTest">
    <failure type="java.lang.IllegalStateException" message="No webdriver is bound to current thread: 31. You need to call open(url) first.">
      <![CDATA[java.lang.IllegalStateException: No webdriver is bound to current thread: 31. You need to call open(url) first.
at com.codeborne.selenide.impl.WebDriverThreadLocalContainer.getWebDriver(WebDriverThreadLocalContainer.java:121)
at com.codeborne.selenide.WebDriverRunner.getWebDriver(WebDriverRunner.java:87)
at com.codeborne.selenide.impl.StaticDriver.getWebDriver(StaticDriver.java:51)
at com.codeborne.selenide.impl.BySelectorCollection.getElement(BySelectorCollection.java:49)
at com.codeborne.selenide.impl.CollectionElement.getWebElement(CollectionElement.java:46)
at com.codeborne.selenide.commands.ToWebElement.execute(ToWebElement.java:19)
at com.codeborne.selenide.commands.ToWebElement.execute(ToWebElement.java:13)
at com.codeborne.selenide.commands.Commands.execute(Commands.java:155)
at com.codeborne.selenide.impl.SelenideElementProxy.invoke(SelenideElementProxy.java:75)
at com.sun.proxy.$Proxy5.toWebElement(Unknown Source)
at com.codeborne.selenide.impl.ElementFinder.getSearchContext(ElementFinder.java:121)
at com.codeborne.selenide.impl.ElementFinder.getWebElement(ElementFinder.java:104)
at com.codeborne.selenide.impl.WebElementSource.checkCondition(WebElementSource.java:99)
at com.codeborne.selenide.impl.WebElementSource.findAndAssertElementIsInteractable(WebElementSource.java:139)
at com.codeborne.selenide.commands.Click.execute(Click.java:24)
at com.codeborne.selenide.commands.Click.execute(Click.java:16)
at com.codeborne.selenide.commands.Commands.execute(Commands.java:155)
at com.codeborne.selenide.impl.SelenideElementProxy.dispatchAndRetry(SelenideElementProxy.java:133)
at com.codeborne.selenide.impl.SelenideElementProxy.invoke(SelenideElementProxy.java:85)
at com.sun.proxy.$Proxy5.click(Unknown Source)
at pages.ProductsPage.addProduct(ProductsPage.java:16)
at steps.Steps.clickBtnAddProduct(Steps.java:38)
at tests.DeleteProductToСartTest.Case4(DeleteProductToСartTest.java:24)
at java.util.concurrent.ThreadPoolExecutor.runWorker(ThreadPoolExecutor.java:1149)
at java.util.concurrent.ThreadPoolExecutor$Worker.run(ThreadPoolExecutor.java:624)
at java.lang.Thread.run(Thread.java:748)
... Removed 12 stack frames]]>
    </failure>
  </testcase> <!-- Case4 -->
  <testcase name="Case3" time="0.002" classname="tests.RegistrationProductTest">
    <failure type="java.lang.IllegalStateException" message="No webdriver is bound to current thread: 31. You need to call open(url) first.">
      <![CDATA[java.lang.IllegalStateException: No webdriver is bound to current thread: 31. You need to call open(url) first.
at com.codeborne.selenide.impl.WebDriverThreadLocalContainer.getWebDriver(WebDriverThreadLocalContainer.java:121)
at com.codeborne.selenide.WebDriverRunner.getWebDriver(WebDriverRunner.java:87)
at com.codeborne.selenide.impl.StaticDriver.getWebDriver(StaticDriver.java:51)
at com.codeborne.selenide.impl.ElementFinder.getSearchContext(ElementFinder.java:120)
at com.codeborne.selenide.impl.ElementFinder.getWebElement(ElementFinder.java:104)
at com.codeborne.selenide.impl.WebElementSource.checkCondition(WebElementSource.java:99)
at com.codeborne.selenide.impl.WebElementSource.findAndAssertElementIsInteractable(WebElementSource.java:139)
at com.codeborne.selenide.commands.Click.execute(Click.java:24)
at com.codeborne.selenide.commands.Click.execute(Click.java:16)
at com.codeborne.selenide.commands.Commands.execute(Commands.java:155)
at com.codeborne.selenide.impl.SelenideElementProxy.dispatchAndRetry(SelenideElementProxy.java:133)
at com.codeborne.selenide.impl.SelenideElementProxy.invoke(SelenideElementProxy.java:85)
at com.sun.proxy.$Proxy5.click(Unknown Source)
at pages.BasketPage.clickBtnCheckout(BasketPage.java:20)
at steps.Steps.clickBtnCheckout(Steps.java:53)
at tests.RegistrationProductTest.Case3(RegistrationProductTest.java:27)
at java.util.concurrent.ThreadPoolExecutor.runWorker(ThreadPoolExecutor.java:1149)
at java.util.concurrent.ThreadPoolExecutor$Worker.run(ThreadPoolExecutor.java:624)
at java.lang.Thread.run(Thread.java:748)
... Removed 12 stack frames]]>
    </failure>
  </testcase> <!-- Case3 -->
</testsuite> <!-- Surefire test -->
