<?xml version="1.0" encoding="UTF-8"?>
<testsuite xmlns:xsi="http://www.w3.org/2001/XMLSchema-instance" xsi:noNamespaceSchemaLocation="https://maven.apache.org/surefire/maven-surefire-plugin/xsd/surefire-test-report-3.0.xsd" version="3.0" name="TestSuite" time="36.121" tests="4" errors="0" skipped="0" failures="3">
  <properties>
[...]
</properties>
  <testcase name="Case2" classname="tests.AddProductToСartTest" time="0.076">
    <failure message="No webdriver is bound to current thread: 31. You need to call open(url) first." type="java.lang.IllegalStateException"><![CDATA[java.lang.IllegalStateException: No webdriver is bound to current thread: 31. You need to call open(url) first.
	at tests.AddProductToСartTest.Case2(AddProductToСartTest.java:24)
]]></failure>
    <system-err><![CDATA[Starting ChromeDriver 100.0.4896.60 (6a5d10861ce8de5fce22564658033b43cb7de047-refs/branch-heads/4896@{#875}) on port 7144
Only local connections are allowed.
Please see https://chromedriver.chromium.org/security-considerations for suggestions on keeping ChromeDriver safe.
ChromeDriver was started successfully.
мая 17, 2022 12:31:38 PM org.openqa.selenium.remote.ProtocolHandshake createSession
INFO: Detected dialect: W3C
]]></system-err>
  </testcase>
  <testcase name="Case1" classname="tests.AuthorizationTest" time="6.286">
    <system-err><![CDATA[Starting ChromeDriver 100.0.4896.60 (6a5d10861ce8de5fce22564658033b43cb7de047-refs/branch-heads/4896@{#875}) on port 30059
Only local connections are allowed.
Please see https://chromedriver.chromium.org/security-considerations for suggestions on keeping ChromeDriver safe.
ChromeDriver was started successfully.
мая 17, 2022 12:32:06 PM org.openqa.selenium.remote.ProtocolHandshake createSession
INFO: Detected dialect: W3C
]]></system-err>
  </testcase>
  <testcase name="Case4" classname="tests.DeleteProductToСartTest" time="0.002">
    <failure message="No webdriver is bound to current thread: 31. You need to call open(url) first." type="java.lang.IllegalStateException"><![CDATA[java.lang.IllegalStateException: No webdriver is bound to current thread: 31. You need to call open(url) first.
	at tests.DeleteProductToСartTest.Case4(DeleteProductToСartTest.java:24)
]]></failure>
  </testcase>
  <testcase name="Case3" classname="tests.RegistrationProductTest" time="0.002">
    <failure message="No webdriver is bound to current thread: 31. You need to call open(url) first." type="java.lang.IllegalStateException"><![CDATA[java.lang.IllegalStateException: No webdriver is bound to current thread: 31. You need to call open(url) first.
	at tests.RegistrationProductTest.Case3(RegistrationProductTest.java:27)
]]></failure>
  </testcase>
</testsuite>